<?xml version="1.0" encoding="UTF-8"?>
<!-- Generated by org.testng.reporters.JUnitReportReporter -->
<testsuite hostname="LAPTOP-IQ06DEC2" failures="0" tests="3" name="com.runner.TestNgRunner" time="15.135" errors="0" timestamp="2023-06-30T11:39:01 IST" skipped="0">
  <testcase classname="com.runner.TestNgRunner" name="runScenario" time="2.595"/>
  <system-out/>
  <testcase classname="com.runner.TestNgRunner" name="runScenario" time="0.664"/>
  <system-out/>
  <testcase classname="com.runner.TestNgRunner" name="runScenario" time="11.876"/>
  <system-out/>
</testsuite> <!-- com.runner.TestNgRunner -->
